app/splash-native/app/build/intermediates/manifest_merge_blame_file/debug/processDebugMainManifest/manifest-merger-blame-debug-report.txt
1<?xml version="1.0" encoding="utf-8"?>
2<manifest xmlns:android="http://schemas.android.com/apk/res/android"
3    package="dev.octos.splashnative"
4    android:versionCode="1"
5    android:versionName="0.1" >
6
7    <uses-sdk
8        android:minSdkVersion="26"
9        android:targetSdkVersion="35" />
10
11    <!--
12         A Splash card resolves its own data at render time: the sys.* helpers here
13         perform live HTTP, exactly as octos-one's do.
14    -->
15    <uses-permission android:name="android.permission.INTERNET" />
15-->src/main/AndroidManifest.xml:7:5-67
15-->src/main/AndroidManifest.xml:7:22-64
16
17    <application
17-->src/main/AndroidManifest.xml:9:5-16:19
18        android:allowBackup="false"
18-->src/main/AndroidManifest.xml:9:54-81
19        android:debuggable="true"
20        android:extractNativeLibs="false"
21        android:label="Octos Splash Native" >
21-->src/main/AndroidManifest.xml:9:18-53
22        <activity
22-->src/main/AndroidManifest.xml:10:9-15:20
23            android:name="dev.octos.splashnative.MainActivity"
23-->src/main/AndroidManifest.xml:10:19-47
24            android:exported="true" >
24-->src/main/AndroidManifest.xml:10:48-71
25            <intent-filter>
25-->src/main/AndroidManifest.xml:11:13-14:29
26                <action android:name="android.intent.action.MAIN" />
26-->src/main/AndroidManifest.xml:12:17-69
26-->src/main/AndroidManifest.xml:12:25-66
27
28                <category android:name="android.intent.category.LAUNCHER" />
28-->src/main/AndroidManifest.xml:13:17-77
28-->src/main/AndroidManifest.xml:13:27-74
29            </intent-filter>
30        </activity>
31    </application>
32
33</manifest>